0 info it worked if it ends with ok
1 verbose cli [ '/Users/jok/.nvm/v0.10.21/bin/node',
1 verbose cli   '/Users/jok/.nvm/v0.10.21/bin/npm',
1 verbose cli   'install',
1 verbose cli   'grunt-karma',
1 verbose cli   '--save-dev' ]
2 info using npm@1.3.11
3 info using node@v0.10.21
4 error Error: Invalid name: "<%= _.slugify(appname) %>"
4 error     at ensureValidName (/Users/jok/.nvm/v0.10.21/lib/node_modules/npm/node_modules/read-package-json/node_modules/normalize-package-data/lib/fixer.js:284:15)
4 error     at Object.module.exports.fixNameField (/Users/jok/.nvm/v0.10.21/lib/node_modules/npm/node_modules/read-package-json/node_modules/normalize-package-data/lib/fixer.js:199:5)
4 error     at /Users/jok/.nvm/v0.10.21/lib/node_modules/npm/node_modules/read-package-json/node_modules/normalize-package-data/lib/normalize.js:29:38
4 error     at Array.forEach (native)
4 error     at normalize (/Users/jok/.nvm/v0.10.21/lib/node_modules/npm/node_modules/read-package-json/node_modules/normalize-package-data/lib/normalize.js:28:15)
4 error     at final (/Users/jok/.nvm/v0.10.21/lib/node_modules/npm/node_modules/read-package-json/read-json.js:310:33)
4 error     at then (/Users/jok/.nvm/v0.10.21/lib/node_modules/npm/node_modules/read-package-json/read-json.js:124:33)
4 error     at /Users/jok/.nvm/v0.10.21/lib/node_modules/npm/node_modules/read-package-json/read-json.js:284:48
4 error     at fs.js:207:20
4 error     at OpenReq.Req.done (/Users/jok/.nvm/v0.10.21/lib/node_modules/npm/node_modules/graceful-fs/graceful-fs.js:142:5)
5 error If you need help, you may report this log at:
5 error     <http://github.com/isaacs/npm/issues>
5 error or email it to:
5 error     <npm-@googlegroups.com>
6 error System Darwin 13.0.0
7 error command "/Users/jok/.nvm/v0.10.21/bin/node" "/Users/jok/.nvm/v0.10.21/bin/npm" "install" "grunt-karma" "--save-dev"
8 error cwd /Users/jok/src/generator-mrw-angular/app/templates/skeleton
9 error node -v v0.10.21
10 error npm -v 1.3.11
11 verbose exit [ 1, true ]
